{"$message_type":"diagnostic","level":"warning","loc":{"path":"/Users/hongguan/Desktop/wechat-copy-helper/wasm/moonbit/src/main/exports.mbt","start":{"line":5,"col":1},"end":{"line":5,"col":8}},"message":"Warning: The word `package` is reserved for possible future use. Please consider using another name.","error_code":35}
{"$message_type":"diagnostic","level":"error","loc":{"path":"/Users/hongguan/Desktop/wechat-copy-helper/wasm/moonbit/src/main/exports.mbt","start":{"line":5,"col":1},"end":{"line":5,"col":8}},"message":"Parse error, unexpected token id (lowercase start), you may expect `pub`, `priv`, `type`, `suberror`, `typealias`, `async`, `fn`, `fnalias`, `struct`, `enum`, `let`, `const`, `extern`, `test`, `impl`, `trait`, `traitalias`, `enumview` or `#attribute`.","error_code":3002}
{"$message_type":"diagnostic","level":"warning","loc":{"path":"/Users/hongguan/Desktop/wechat-copy-helper/wasm/moonbit/src/main/exports.mbt","start":{"line":7,"col":1},"end":{"line":7,"col":4}},"message":"Warning: The word `use` is reserved for possible future use. Please consider using another name.","error_code":35}
{"$message_type":"diagnostic","level":"warning","loc":{"path":"/Users/hongguan/Desktop/wechat-copy-helper/wasm/moonbit/src/main/exports.mbt","start":{"line":11,"col":3},"end":{"line":11,"col":9}},"message":"Warning: The word `static` is reserved for possible future use. Please consider using another name.","error_code":35}
{"$message_type":"diagnostic","level":"warning","loc":{"path":"/Users/hongguan/Desktop/wechat-copy-helper/wasm/moonbit/src/main/exports.mbt","start":{"line":15,"col":1},"end":{"line":15,"col":7}},"message":"Warning: The word `static` is reserved for possible future use. Please consider using another name.","error_code":35}
{"$message_type":"diagnostic","level":"error","loc":{"path":"/Users/hongguan/Desktop/wechat-copy-helper/wasm/moonbit/src/main/exports.mbt","start":{"line":10,"col":15},"end":{"line":10,"col":16}},"message":"Parse error, unexpected token `{`, you may expect `fn`.","error_code":3002}
{"$message_type":"diagnostic","level":"error","loc":{"path":"/Users/hongguan/Desktop/wechat-copy-helper/wasm/moonbit/src/main/exports.mbt","start":{"line":10,"col":1},"end":{"line":15,"col":30}},"message":"Inline wasm syntax error: unknown operator ?STRING at 1:1-1:8","error_code":3014}
{"$message_type":"diagnostic","level":"warning","loc":{"path":"/Users/hongguan/Desktop/wechat-copy-helper/wasm/moonbit/src/main/exports.mbt","start":{"line":18,"col":14},"end":{"line":18,"col":15}},"message":"Warning: Unused variable 'n'","error_code":2}
{"$message_type":"diagnostic","level":"error","loc":{"path":"/Users/hongguan/Desktop/wechat-copy-helper/wasm/moonbit/src/main/exports.mbt","start":{"line":19,"col":6},"end":{"line":19,"col":15}},"message":"The value identifier HEAP_BASE is unbound.","error_code":4021}
{"$message_type":"diagnostic","level":"error","loc":{"path":"/Users/hongguan/Desktop/wechat-copy-helper/wasm/moonbit/src/main/exports.mbt","start":{"line":21,"col":5},"end":{"line":21,"col":14}},"message":"Invalid left value for assignment.","error_code":3011}
{"$message_type":"diagnostic","level":"error","loc":{"path":"/Users/hongguan/Desktop/wechat-copy-helper/wasm/moonbit/src/main/exports.mbt","start":{"line":21,"col":5},"end":{"line":21,"col":14}},"message":"The value identifier HEAP_BASE is unbound.","error_code":4021}
{"$message_type":"diagnostic","level":"error","loc":{"path":"/Users/hongguan/Desktop/wechat-copy-helper/wasm/moonbit/src/main/exports.mbt","start":{"line":23,"col":11},"end":{"line":23,"col":20}},"message":"The value identifier HEAP_BASE is unbound.","error_code":4021}
{"$message_type":"diagnostic","level":"error","loc":{"path":"/Users/hongguan/Desktop/wechat-copy-helper/wasm/moonbit/src/main/exports.mbt","start":{"line":24,"col":3},"end":{"line":24,"col":12}},"message":"Invalid left value for assignment.","error_code":3011}
{"$message_type":"diagnostic","level":"error","loc":{"path":"/Users/hongguan/Desktop/wechat-copy-helper/wasm/moonbit/src/main/exports.mbt","start":{"line":24,"col":3},"end":{"line":24,"col":12}},"message":"The value identifier HEAP_BASE is unbound.","error_code":4021}
{"$message_type":"diagnostic","level":"warning","loc":{"path":"/Users/hongguan/Desktop/wechat-copy-helper/wasm/moonbit/src/main/exports.mbt","start":{"line":33,"col":3},"end":{"line":33,"col":6}},"message":"Warning: The word `var` is reserved for possible future use. Please consider using another name.","error_code":35}
{"$message_type":"diagnostic","level":"error","loc":{"path":"/Users/hongguan/Desktop/wechat-copy-helper/wasm/moonbit/src/main/exports.mbt","start":{"line":33,"col":3},"end":{"line":33,"col":6}},"message":"The value identifier var is unbound.","error_code":4021}
{"$message_type":"diagnostic","level":"error","loc":{"path":"/Users/hongguan/Desktop/wechat-copy-helper/wasm/moonbit/src/main/exports.mbt","start":{"line":33,"col":7},"end":{"line":33,"col":12}},"message":"Parse error, unexpected token id (lowercase start), you may expect `;` or `}`.","error_code":3002}
{"$message_type":"diagnostic","level":"warning","loc":{"path":"/Users/hongguan/Desktop/wechat-copy-helper/wasm/moonbit/src/main/exports.mbt","start":{"line":35,"col":3},"end":{"line":35,"col":6}},"message":"Warning: The word `var` is reserved for possible future use. Please consider using another name.","error_code":35}
{"$message_type":"diagnostic","level":"error","loc":{"path":"/Users/hongguan/Desktop/wechat-copy-helper/wasm/moonbit/src/main/exports.mbt","start":{"line":35,"col":3},"end":{"line":35,"col":6}},"message":"The value identifier var is unbound.","error_code":4021}
{"$message_type":"diagnostic","level":"error","loc":{"path":"/Users/hongguan/Desktop/wechat-copy-helper/wasm/moonbit/src/main/exports.mbt","start":{"line":35,"col":7},"end":{"line":35,"col":8}},"message":"Parse error, unexpected token id (lowercase start), you may expect `;` or `}`.","error_code":3002}
{"$message_type":"diagnostic","level":"error","loc":{"path":"/Users/hongguan/Desktop/wechat-copy-helper/wasm/moonbit/src/main/exports.mbt","start":{"line":36,"col":9},"end":{"line":36,"col":10}},"message":"The value identifier i is unbound.","error_code":4021}
{"$message_type":"diagnostic","level":"error","loc":{"path":"/Users/hongguan/Desktop/wechat-copy-helper/wasm/moonbit/src/main/exports.mbt","start":{"line":37,"col":5},"end":{"line":37,"col":10}},"message":"The value identifier bytes is unbound.","error_code":4021}
{"$message_type":"diagnostic","level":"warning","loc":{"path":"/Users/hongguan/Desktop/wechat-copy-helper/wasm/moonbit/src/main/exports.mbt","start":{"line":37,"col":16},"end":{"line":37,"col":22}},"message":"Warning: The word `unsafe` is reserved for possible future use. Please consider using another name.","error_code":35}
{"$message_type":"diagnostic","level":"error","loc":{"path":"/Users/hongguan/Desktop/wechat-copy-helper/wasm/moonbit/src/main/exports.mbt","start":{"line":37,"col":16},"end":{"line":37,"col":22}},"message":"The value identifier unsafe is unbound.","error_code":4021}
{"$message_type":"diagnostic","level":"error","loc":{"path":"/Users/hongguan/Desktop/wechat-copy-helper/wasm/moonbit/src/main/exports.mbt","start":{"line":37,"col":23},"end":{"line":37,"col":24}},"message":"Parse error, unexpected token `{`, you may expect `,` or `)`.","error_code":3002}
{"$message_type":"diagnostic","level":"error","loc":{"path":"/Users/hongguan/Desktop/wechat-copy-helper/wasm/moonbit/src/main/exports.mbt","start":{"line":37,"col":36},"end":{"line":37,"col":37}},"message":"Parse error, unexpected token `)`, you may expect `;` or `}`.","error_code":3002}
{"$message_type":"diagnostic","level":"error","loc":{"path":"/Users/hongguan/Desktop/wechat-copy-helper/wasm/moonbit/src/main/exports.mbt","start":{"line":38,"col":5},"end":{"line":38,"col":14}},"message":"The value identifier i is unbound.","error_code":4021}
{"$message_type":"diagnostic","level":"error","loc":{"path":"/Users/hongguan/Desktop/wechat-copy-helper/wasm/moonbit/src/main/exports.mbt","start":{"line":38,"col":9},"end":{"line":38,"col":10}},"message":"The value identifier i is unbound.","error_code":4021}
{"$message_type":"diagnostic","level":"error","loc":{"path":"/Users/hongguan/Desktop/wechat-copy-helper/wasm/moonbit/src/main/exports.mbt","start":{"line":38,"col":5},"end":{"line":38,"col":14}},"message":"Expr Type Mismatch\n        has type : Unit\n        wanted   : String","error_code":4014}
{"$message_type":"diagnostic","level":"warning","loc":{"path":"/Users/hongguan/Desktop/wechat-copy-helper/wasm/moonbit/src/main/exports.mbt","start":{"line":40,"col":3},"end":{"line":41,"col":2}},"message":"Warning: Toplevel declaration is not left aligned.","error_code":19}
{"$message_type":"diagnostic","level":"error","loc":{"path":"/Users/hongguan/Desktop/wechat-copy-helper/wasm/moonbit/src/main/exports.mbt","start":{"line":40,"col":3},"end":{"line":40,"col":9}},"message":"Parse error, unexpected token id (uppercase start), you may expect `pub`, `priv`, `type`, `suberror`, `typealias`, `async`, `fn`, `fnalias`, `struct`, `enum`, `let`, `const`, `extern`, `test`, `impl`, `trait`, `traitalias`, `enumview` or `#attribute`.","error_code":3002}
{"$message_type":"diagnostic","level":"error","loc":{"path":"/Users/hongguan/Desktop/wechat-copy-helper/wasm/moonbit/src/main/exports.mbt","start":{"line":43,"col":4},"end":{"line":43,"col":15}},"message":"Missing type annotation for the return value.","error_code":4074}
{"$message_type":"diagnostic","level":"warning","loc":{"path":"/Users/hongguan/Desktop/wechat-copy-helper/wasm/moonbit/src/main/exports.mbt","start":{"line":43,"col":16},"end":{"line":43,"col":19}},"message":"Warning: Unused variable 'ptr'","error_code":2}
{"$message_type":"diagnostic","level":"error","loc":{"path":"/Users/hongguan/Desktop/wechat-copy-helper/wasm/moonbit/src/main/exports.mbt","start":{"line":43,"col":30},"end":{"line":43,"col":35}},"message":"The type alias Array expects 1 argument(s), but is here given 0 argument(s).","error_code":4040}
{"$message_type":"diagnostic","level":"error","loc":{"path":"/Users/hongguan/Desktop/wechat-copy-helper/wasm/moonbit/src/main/exports.mbt","start":{"line":43,"col":35},"end":{"line":43,"col":36}},"message":"Parse error, unexpected token infix 1, you may expect `,` or `)`.","error_code":3002}
{"$message_type":"diagnostic","level":"warning","loc":{"path":"/Users/hongguan/Desktop/wechat-copy-helper/wasm/moonbit/src/main/exports.mbt","start":{"line":44,"col":3},"end":{"line":44,"col":6}},"message":"Warning: The word `var` is reserved for possible future use. Please consider using another name.","error_code":35}
{"$message_type":"diagnostic","level":"error","loc":{"path":"/Users/hongguan/Desktop/wechat-copy-helper/wasm/moonbit/src/main/exports.mbt","start":{"line":44,"col":3},"end":{"line":44,"col":6}},"message":"The value identifier var is unbound.","error_code":4021}
{"$message_type":"diagnostic","level":"error","loc":{"path":"/Users/hongguan/Desktop/wechat-copy-helper/wasm/moonbit/src/main/exports.mbt","start":{"line":44,"col":7},"end":{"line":44,"col":8}},"message":"Parse error, unexpected token id (lowercase start), you may expect `;` or `}`.","error_code":3002}
{"$message_type":"diagnostic","level":"error","loc":{"path":"/Users/hongguan/Desktop/wechat-copy-helper/wasm/moonbit/src/main/exports.mbt","start":{"line":45,"col":9},"end":{"line":45,"col":10}},"message":"The value identifier i is unbound.","error_code":4021}
{"$message_type":"diagnostic","level":"error","loc":{"path":"/Users/hongguan/Desktop/wechat-copy-helper/wasm/moonbit/src/main/exports.mbt","start":{"line":45,"col":16},"end":{"line":45,"col":19}},"message":"Type Array[?] has no method len.","error_code":4015}
{"$message_type":"diagnostic","level":"warning","loc":{"path":"/Users/hongguan/Desktop/wechat-copy-helper/wasm/moonbit/src/main/exports.mbt","start":{"line":46,"col":5},"end":{"line":46,"col":11}},"message":"Warning: The word `unsafe` is reserved for possible future use. Please consider using another name.","error_code":35}
{"$message_type":"diagnostic","level":"error","loc":{"path":"/Users/hongguan/Desktop/wechat-copy-helper/wasm/moonbit/src/main/exports.mbt","start":{"line":46,"col":5},"end":{"line":46,"col":11}},"message":"The value identifier unsafe is unbound.","error_code":4021}
{"$message_type":"diagnostic","level":"error","loc":{"path":"/Users/hongguan/Desktop/wechat-copy-helper/wasm/moonbit/src/main/exports.mbt","start":{"line":46,"col":12},"end":{"line":46,"col":13}},"message":"Parse error, unexpected token `{`, you may expect `;` or `}`.","error_code":3002}
{"$message_type":"diagnostic","level":"error","loc":{"path":"/Users/hongguan/Desktop/wechat-copy-helper/wasm/moonbit/src/main/exports.mbt","start":{"line":47,"col":5},"end":{"line":47,"col":14}},"message":"The value identifier i is unbound.","error_code":4021}
{"$message_type":"diagnostic","level":"error","loc":{"path":"/Users/hongguan/Desktop/wechat-copy-helper/wasm/moonbit/src/main/exports.mbt","start":{"line":47,"col":9},"end":{"line":47,"col":10}},"message":"The value identifier i is unbound.","error_code":4021}
{"$message_type":"diagnostic","level":"error","loc":{"path":"/Users/hongguan/Desktop/wechat-copy-helper/wasm/moonbit/src/main/exports.mbt","start":{"line":50,"col":2},"end":{"line":50,"col":2}},"message":"Parse error, unexpected token `}`, you may expect `pub`, `priv`, `type`, `suberror`, `typealias`, `async`, `fn`, `fnalias`, `struct`, `enum`, `let`, `const`, `extern`, `test`, `impl`, `trait`, `traitalias`, `enumview` or `#attribute`.","error_code":3002}
{"$message_type":"diagnostic","level":"error","loc":{"path":"/Users/hongguan/Desktop/wechat-copy-helper/wasm/moonbit/src/main/exports.mbt","start":{"line":51,"col":4},"end":{"line":51,"col":13}},"message":"Missing type annotation for the return value.","error_code":4074}
{"$message_type":"diagnostic","level":"warning","loc":{"path":"/Users/hongguan/Desktop/wechat-copy-helper/wasm/moonbit/src/main/exports.mbt","start":{"line":52,"col":3},"end":{"line":52,"col":9}},"message":"Warning: The word `unsafe` is reserved for possible future use. Please consider using another name.","error_code":35}
{"$message_type":"diagnostic","level":"error","loc":{"path":"/Users/hongguan/Desktop/wechat-copy-helper/wasm/moonbit/src/main/exports.mbt","start":{"line":52,"col":3},"end":{"line":52,"col":9}},"message":"The value identifier unsafe is unbound.","error_code":4021}
{"$message_type":"diagnostic","level":"error","loc":{"path":"/Users/hongguan/Desktop/wechat-copy-helper/wasm/moonbit/src/main/exports.mbt","start":{"line":52,"col":10},"end":{"line":52,"col":11}},"message":"Parse error, unexpected token `{`, you may expect `;` or `}`.","error_code":3002}
{"$message_type":"diagnostic","level":"error","loc":{"path":"/Users/hongguan/Desktop/wechat-copy-helper/wasm/moonbit/src/main/exports.mbt","start":{"line":54,"col":5},"end":{"line":54,"col":11}},"message":"The value identifier memory is unbound.","error_code":4021}
{"$message_type":"diagnostic","level":"error","loc":{"path":"/Users/hongguan/Desktop/wechat-copy-helper/wasm/moonbit/src/main/exports.mbt","start":{"line":54,"col":44},"end":{"line":54,"col":46}},"message":"The type/trait u8 is not found.","error_code":4024}
{"$message_type":"diagnostic","level":"error","loc":{"path":"/Users/hongguan/Desktop/wechat-copy-helper/wasm/moonbit/src/main/exports.mbt","start":{"line":55,"col":5},"end":{"line":55,"col":11}},"message":"The value identifier memory is unbound.","error_code":4021}
{"$message_type":"diagnostic","level":"error","loc":{"path":"/Users/hongguan/Desktop/wechat-copy-helper/wasm/moonbit/src/main/exports.mbt","start":{"line":55,"col":45},"end":{"line":55,"col":47}},"message":"The type/trait u8 is not found.","error_code":4024}
{"$message_type":"diagnostic","level":"error","loc":{"path":"/Users/hongguan/Desktop/wechat-copy-helper/wasm/moonbit/src/main/exports.mbt","start":{"line":56,"col":5},"end":{"line":56,"col":11}},"message":"The value identifier memory is unbound.","error_code":4021}
{"$message_type":"diagnostic","level":"error","loc":{"path":"/Users/hongguan/Desktop/wechat-copy-helper/wasm/moonbit/src/main/exports.mbt","start":{"line":56,"col":45},"end":{"line":56,"col":47}},"message":"The type/trait u8 is not found.","error_code":4024}
{"$message_type":"diagnostic","level":"error","loc":{"path":"/Users/hongguan/Desktop/wechat-copy-helper/wasm/moonbit/src/main/exports.mbt","start":{"line":59,"col":2},"end":{"line":59,"col":2}},"message":"Parse error, unexpected token `}`, you may expect `pub`, `priv`, `type`, `suberror`, `typealias`, `async`, `fn`, `fnalias`, `struct`, `enum`, `let`, `const`, `extern`, `test`, `impl`, `trait`, `traitalias`, `enumview` or `#attribute`.","error_code":3002}
{"$message_type":"diagnostic","level":"error","loc":{"path":"/Users/hongguan/Desktop/wechat-copy-helper/wasm/moonbit/src/main/exports.mbt","start":{"line":63,"col":13},"end":{"line":63,"col":37}},"message":"The value identifier core_normalize_image_url is unbound.","error_code":4021}
{"$message_type":"diagnostic","level":"error","loc":{"path":"/Users/hongguan/Desktop/wechat-copy-helper/wasm/moonbit/src/main/exports.mbt","start":{"line":75,"col":13},"end":{"line":75,"col":40}},"message":"The value identifier core_decide_referrer_policy is unbound.","error_code":4021}
{"$message_type":"diagnostic","level":"error","loc":{"path":"/Users/hongguan/Desktop/wechat-copy-helper/wasm/moonbit/src/main/exports.mbt","start":{"line":87,"col":13},"end":{"line":87,"col":35}},"message":"The value identifier core_sanitize_filename is unbound.","error_code":4021}
{"$message_type":"diagnostic","level":"error","loc":{"path":"/Users/hongguan/Desktop/wechat-copy-helper/wasm/moonbit/src/main/exports.mbt","start":{"line":97,"col":8},"end":{"line":97,"col":12}},"message":"The visibility is unused in the main function.","error_code":3003}
{"$message_type":"diagnostic","level":"error","loc":{"path":"/Users/hongguan/Desktop/wechat-copy-helper/wasm/moonbit/src/main/exports.mbt","start":{"line":97,"col":12},"end":{"line":97,"col":14}},"message":"Unused parameter list for the main function. The syntax is `fn main { ... }`","error_code":3003}
{"$message_type":"diagnostic","level":"error","loc":{"path":"/Users/hongguan/Desktop/wechat-copy-helper/wasm/moonbit/src/main/exports.mbt","start":{"line":97,"col":18},"end":{"line":97,"col":22}},"message":"The return type of main function must be `Unit` and the type annotation is unused. The syntax is `fn main { ... }`","error_code":3003}
