{"$message_type":"diagnostic","level":"warning","loc":{"path":"/Users/hongguan/Desktop/wechat-copy-helper/wasm/moonbit/src/lib/core.mbt","start":{"line":4,"col":1},"end":{"line":4,"col":8}},"message":"Warning: The word `package` is reserved for possible future use. Please consider using another name.","error_code":35}
{"$message_type":"diagnostic","level":"error","loc":{"path":"/Users/hongguan/Desktop/wechat-copy-helper/wasm/moonbit/src/lib/core.mbt","start":{"line":4,"col":1},"end":{"line":4,"col":8}},"message":"Parse error, unexpected token id (lowercase start), you may expect `pub`, `priv`, `type`, `suberror`, `typealias`, `async`, `fn`, `fnalias`, `struct`, `enum`, `let`, `const`, `extern`, `test`, `impl`, `trait`, `traitalias`, `enumview` or `#attribute`.","error_code":3002}
{"$message_type":"diagnostic","level":"error","loc":{"path":"/Users/hongguan/Desktop/wechat-copy-helper/wasm/moonbit/src/lib/core.mbt","start":{"line":10,"col":12},"end":{"line":10,"col":15}},"message":"Type String has no method len.","error_code":4015}
{"$message_type":"diagnostic","level":"error","loc":{"path":"/Users/hongguan/Desktop/wechat-copy-helper/wasm/moonbit/src/lib/core.mbt","start":{"line":11,"col":19},"end":{"line":11,"col":26}},"message":"Type String has no method to_utf8.","error_code":4015}
{"$message_type":"diagnostic","level":"error","loc":{"path":"/Users/hongguan/Desktop/wechat-copy-helper/wasm/moonbit/src/lib/core.mbt","start":{"line":12,"col":32},"end":{"line":12,"col":39}},"message":"Type String has no method to_utf8.","error_code":4015}
{"$message_type":"diagnostic","level":"warning","loc":{"path":"/Users/hongguan/Desktop/wechat-copy-helper/wasm/moonbit/src/lib/core.mbt","start":{"line":14,"col":3},"end":{"line":14,"col":6}},"message":"Warning: The word `var` is reserved for possible future use. Please consider using another name.","error_code":35}
{"$message_type":"diagnostic","level":"error","loc":{"path":"/Users/hongguan/Desktop/wechat-copy-helper/wasm/moonbit/src/lib/core.mbt","start":{"line":14,"col":3},"end":{"line":14,"col":6}},"message":"The value identifier var is unbound.","error_code":4021}
{"$message_type":"diagnostic","level":"error","loc":{"path":"/Users/hongguan/Desktop/wechat-copy-helper/wasm/moonbit/src/lib/core.mbt","start":{"line":14,"col":7},"end":{"line":14,"col":17}},"message":"Parse error, unexpected token id (lowercase start), you may expect `;` or `}`.","error_code":3002}
{"$message_type":"diagnostic","level":"warning","loc":{"path":"/Users/hongguan/Desktop/wechat-copy-helper/wasm/moonbit/src/lib/core.mbt","start":{"line":15,"col":3},"end":{"line":15,"col":6}},"message":"Warning: The word `var` is reserved for possible future use. Please consider using another name.","error_code":35}
{"$message_type":"diagnostic","level":"error","loc":{"path":"/Users/hongguan/Desktop/wechat-copy-helper/wasm/moonbit/src/lib/core.mbt","start":{"line":15,"col":3},"end":{"line":15,"col":6}},"message":"The value identifier var is unbound.","error_code":4021}
{"$message_type":"diagnostic","level":"error","loc":{"path":"/Users/hongguan/Desktop/wechat-copy-helper/wasm/moonbit/src/lib/core.mbt","start":{"line":15,"col":7},"end":{"line":15,"col":8}},"message":"Parse error, unexpected token id (lowercase start), you may expect `;` or `}`.","error_code":3002}
{"$message_type":"diagnostic","level":"error","loc":{"path":"/Users/hongguan/Desktop/wechat-copy-helper/wasm/moonbit/src/lib/core.mbt","start":{"line":16,"col":9},"end":{"line":16,"col":10}},"message":"The value identifier i is unbound.","error_code":4021}
{"$message_type":"diagnostic","level":"error","loc":{"path":"/Users/hongguan/Desktop/wechat-copy-helper/wasm/moonbit/src/lib/core.mbt","start":{"line":16,"col":11},"end":{"line":16,"col":12}},"message":"Type Unit does not implement trait Add: no `impl` is defined","error_code":4018}
{"$message_type":"diagnostic","level":"warning","loc":{"path":"/Users/hongguan/Desktop/wechat-copy-helper/wasm/moonbit/src/lib/core.mbt","start":{"line":17,"col":5},"end":{"line":17,"col":8}},"message":"Warning: The word `var` is reserved for possible future use. Please consider using another name.","error_code":35}
{"$message_type":"diagnostic","level":"error","loc":{"path":"/Users/hongguan/Desktop/wechat-copy-helper/wasm/moonbit/src/lib/core.mbt","start":{"line":17,"col":5},"end":{"line":17,"col":8}},"message":"The value identifier var is unbound.","error_code":4021}
{"$message_type":"diagnostic","level":"error","loc":{"path":"/Users/hongguan/Desktop/wechat-copy-helper/wasm/moonbit/src/lib/core.mbt","start":{"line":17,"col":9},"end":{"line":17,"col":10}},"message":"Parse error, unexpected token id (lowercase start), you may expect `;` or `}`.","error_code":3002}
{"$message_type":"diagnostic","level":"warning","loc":{"path":"/Users/hongguan/Desktop/wechat-copy-helper/wasm/moonbit/src/lib/core.mbt","start":{"line":18,"col":5},"end":{"line":18,"col":8}},"message":"Warning: The word `var` is reserved for possible future use. Please consider using another name.","error_code":35}
{"$message_type":"diagnostic","level":"error","loc":{"path":"/Users/hongguan/Desktop/wechat-copy-helper/wasm/moonbit/src/lib/core.mbt","start":{"line":18,"col":5},"end":{"line":18,"col":8}},"message":"The value identifier var is unbound.","error_code":4021}
{"$message_type":"diagnostic","level":"error","loc":{"path":"/Users/hongguan/Desktop/wechat-copy-helper/wasm/moonbit/src/lib/core.mbt","start":{"line":18,"col":9},"end":{"line":18,"col":11}},"message":"Parse error, unexpected token id (lowercase start), you may expect `;` or `}`.","error_code":3002}
{"$message_type":"diagnostic","level":"error","loc":{"path":"/Users/hongguan/Desktop/wechat-copy-helper/wasm/moonbit/src/lib/core.mbt","start":{"line":19,"col":11},"end":{"line":19,"col":12}},"message":"The value identifier j is unbound.","error_code":4021}
{"$message_type":"diagnostic","level":"error","loc":{"path":"/Users/hongguan/Desktop/wechat-copy-helper/wasm/moonbit/src/lib/core.mbt","start":{"line":20,"col":14},"end":{"line":20,"col":15}},"message":"The value identifier i is unbound.","error_code":4021}
{"$message_type":"diagnostic","level":"error","loc":{"path":"/Users/hongguan/Desktop/wechat-copy-helper/wasm/moonbit/src/lib/core.mbt","start":{"line":20,"col":16},"end":{"line":20,"col":17}},"message":"Type Unit does not implement trait Add: no `impl` is defined","error_code":4018}
{"$message_type":"diagnostic","level":"error","loc":{"path":"/Users/hongguan/Desktop/wechat-copy-helper/wasm/moonbit/src/lib/core.mbt","start":{"line":20,"col":18},"end":{"line":20,"col":19}},"message":"The value identifier j is unbound.","error_code":4021}
{"$message_type":"diagnostic","level":"error","loc":{"path":"/Users/hongguan/Desktop/wechat-copy-helper/wasm/moonbit/src/lib/core.mbt","start":{"line":20,"col":31},"end":{"line":20,"col":32}},"message":"The value identifier j is unbound.","error_code":4021}
{"$message_type":"diagnostic","level":"error","loc":{"path":"/Users/hongguan/Desktop/wechat-copy-helper/wasm/moonbit/src/lib/core.mbt","start":{"line":20,"col":36},"end":{"line":20,"col":46}},"message":"The value identifier ok is unbound.","error_code":4021}
{"$message_type":"diagnostic","level":"error","loc":{"path":"/Users/hongguan/Desktop/wechat-copy-helper/wasm/moonbit/src/lib/core.mbt","start":{"line":21,"col":7},"end":{"line":21,"col":16}},"message":"The value identifier j is unbound.","error_code":4021}
{"$message_type":"diagnostic","level":"error","loc":{"path":"/Users/hongguan/Desktop/wechat-copy-helper/wasm/moonbit/src/lib/core.mbt","start":{"line":21,"col":11},"end":{"line":21,"col":12}},"message":"The value identifier j is unbound.","error_code":4021}
{"$message_type":"diagnostic","level":"error","loc":{"path":"/Users/hongguan/Desktop/wechat-copy-helper/wasm/moonbit/src/lib/core.mbt","start":{"line":23,"col":8},"end":{"line":23,"col":10}},"message":"The value identifier ok is unbound.","error_code":4021}
{"$message_type":"diagnostic","level":"error","loc":{"path":"/Users/hongguan/Desktop/wechat-copy-helper/wasm/moonbit/src/lib/core.mbt","start":{"line":23,"col":13},"end":{"line":23,"col":30}},"message":"The value identifier found_host is unbound.","error_code":4021}
{"$message_type":"diagnostic","level":"error","loc":{"path":"/Users/hongguan/Desktop/wechat-copy-helper/wasm/moonbit/src/lib/core.mbt","start":{"line":24,"col":5},"end":{"line":24,"col":14}},"message":"The value identifier i is unbound.","error_code":4021}
{"$message_type":"diagnostic","level":"error","loc":{"path":"/Users/hongguan/Desktop/wechat-copy-helper/wasm/moonbit/src/lib/core.mbt","start":{"line":24,"col":9},"end":{"line":24,"col":10}},"message":"The value identifier i is unbound.","error_code":4021}
{"$message_type":"diagnostic","level":"error","loc":{"path":"/Users/hongguan/Desktop/wechat-copy-helper/wasm/moonbit/src/lib/core.mbt","start":{"line":26,"col":7},"end":{"line":26,"col":17}},"message":"The value identifier found_host is unbound.","error_code":4021}
{"$message_type":"diagnostic","level":"warning","loc":{"path":"/Users/hongguan/Desktop/wechat-copy-helper/wasm/moonbit/src/lib/core.mbt","start":{"line":29,"col":3},"end":{"line":29,"col":6}},"message":"Warning: The word `var` is reserved for possible future use. Please consider using another name.","error_code":35}
{"$message_type":"diagnostic","level":"error","loc":{"path":"/Users/hongguan/Desktop/wechat-copy-helper/wasm/moonbit/src/lib/core.mbt","start":{"line":29,"col":3},"end":{"line":29,"col":6}},"message":"The value identifier var is unbound.","error_code":4021}
{"$message_type":"diagnostic","level":"error","loc":{"path":"/Users/hongguan/Desktop/wechat-copy-helper/wasm/moonbit/src/lib/core.mbt","start":{"line":29,"col":7},"end":{"line":29,"col":12}},"message":"Parse error, unexpected token id (lowercase start), you may expect `;` or `}`.","error_code":3002}
{"$message_type":"diagnostic","level":"error","loc":{"path":"/Users/hongguan/Desktop/wechat-copy-helper/wasm/moonbit/src/lib/core.mbt","start":{"line":30,"col":3},"end":{"line":30,"col":8}},"message":"The value identifier i is unbound.","error_code":4021}
{"$message_type":"diagnostic","level":"error","loc":{"path":"/Users/hongguan/Desktop/wechat-copy-helper/wasm/moonbit/src/lib/core.mbt","start":{"line":31,"col":9},"end":{"line":31,"col":10}},"message":"The value identifier i is unbound.","error_code":4021}
{"$message_type":"diagnostic","level":"error","loc":{"path":"/Users/hongguan/Desktop/wechat-copy-helper/wasm/moonbit/src/lib/core.mbt","start":{"line":32,"col":12},"end":{"line":32,"col":13}},"message":"The value identifier i is unbound.","error_code":4021}
{"$message_type":"diagnostic","level":"error","loc":{"path":"/Users/hongguan/Desktop/wechat-copy-helper/wasm/moonbit/src/lib/core.mbt","start":{"line":32,"col":23},"end":{"line":32,"col":35}},"message":"The value identifier has_q is unbound.","error_code":4021}
{"$message_type":"diagnostic","level":"error","loc":{"path":"/Users/hongguan/Desktop/wechat-copy-helper/wasm/moonbit/src/lib/core.mbt","start":{"line":33,"col":5},"end":{"line":33,"col":14}},"message":"The value identifier i is unbound.","error_code":4021}
{"$message_type":"diagnostic","level":"error","loc":{"path":"/Users/hongguan/Desktop/wechat-copy-helper/wasm/moonbit/src/lib/core.mbt","start":{"line":33,"col":9},"end":{"line":33,"col":10}},"message":"The value identifier i is unbound.","error_code":4021}
{"$message_type":"diagnostic","level":"error","loc":{"path":"/Users/hongguan/Desktop/wechat-copy-helper/wasm/moonbit/src/lib/core.mbt","start":{"line":37,"col":24},"end":{"line":37,"col":31}},"message":"Type String has no method to_utf8.","error_code":4015}
{"$message_type":"diagnostic","level":"error","loc":{"path":"/Users/hongguan/Desktop/wechat-copy-helper/wasm/moonbit/src/lib/core.mbt","start":{"line":38,"col":20},"end":{"line":38,"col":27}},"message":"Type String has no method to_utf8.","error_code":4015}
{"$message_type":"diagnostic","level":"error","loc":{"path":"/Users/hongguan/Desktop/wechat-copy-helper/wasm/moonbit/src/lib/core.mbt","start":{"line":41,"col":18},"end":{"line":41,"col":23}},"message":"The type alias Array expects 1 argument(s), but is here given 0 argument(s).","error_code":4040}
{"$message_type":"diagnostic","level":"error","loc":{"path":"/Users/hongguan/Desktop/wechat-copy-helper/wasm/moonbit/src/lib/core.mbt","start":{"line":41,"col":23},"end":{"line":41,"col":24}},"message":"Parse error, unexpected token infix 1, you may expect `,` or `)`.","error_code":3002}
{"$message_type":"diagnostic","level":"error","loc":{"path":"/Users/hongguan/Desktop/wechat-copy-helper/wasm/moonbit/src/lib/core.mbt","start":{"line":41,"col":32},"end":{"line":41,"col":37}},"message":"The type alias Array expects 1 argument(s), but is here given 0 argument(s).","error_code":4040}
{"$message_type":"diagnostic","level":"error","loc":{"path":"/Users/hongguan/Desktop/wechat-copy-helper/wasm/moonbit/src/lib/core.mbt","start":{"line":41,"col":37},"end":{"line":41,"col":38}},"message":"Parse error, unexpected token infix 1, you may expect `,` or `)`.","error_code":3002}
{"$message_type":"diagnostic","level":"error","loc":{"path":"/Users/hongguan/Desktop/wechat-copy-helper/wasm/moonbit/src/lib/core.mbt","start":{"line":41,"col":46},"end":{"line":41,"col":50}},"message":"The type bool is undefined.","error_code":4032}
{"$message_type":"diagnostic","level":"error","loc":{"path":"/Users/hongguan/Desktop/wechat-copy-helper/wasm/moonbit/src/lib/core.mbt","start":{"line":42,"col":10},"end":{"line":42,"col":13}},"message":"Type Array[_/0] has no method len.","error_code":4015}
{"$message_type":"diagnostic","level":"warning","loc":{"path":"/Users/hongguan/Desktop/wechat-copy-helper/wasm/moonbit/src/lib/core.mbt","start":{"line":43,"col":5},"end":{"line":43,"col":8}},"message":"Warning: The word `var` is reserved for possible future use. Please consider using another name.","error_code":35}
{"$message_type":"diagnostic","level":"error","loc":{"path":"/Users/hongguan/Desktop/wechat-copy-helper/wasm/moonbit/src/lib/core.mbt","start":{"line":43,"col":5},"end":{"line":43,"col":8}},"message":"The value identifier var is unbound.","error_code":4021}
{"$message_type":"diagnostic","level":"error","loc":{"path":"/Users/hongguan/Desktop/wechat-copy-helper/wasm/moonbit/src/lib/core.mbt","start":{"line":43,"col":9},"end":{"line":43,"col":11}},"message":"Parse error, unexpected token id (lowercase start), you may expect `;` or `}`.","error_code":3002}
{"$message_type":"diagnostic","level":"error","loc":{"path":"/Users/hongguan/Desktop/wechat-copy-helper/wasm/moonbit/src/lib/core.mbt","start":{"line":44,"col":11},"end":{"line":44,"col":13}},"message":"The value identifier ii is unbound.","error_code":4021}
{"$message_type":"diagnostic","level":"error","loc":{"path":"/Users/hongguan/Desktop/wechat-copy-helper/wasm/moonbit/src/lib/core.mbt","start":{"line":44,"col":14},"end":{"line":44,"col":15}},"message":"Type Unit does not implement trait Add: no `impl` is defined","error_code":4018}
{"$message_type":"diagnostic","level":"error","loc":{"path":"/Users/hongguan/Desktop/wechat-copy-helper/wasm/moonbit/src/lib/core.mbt","start":{"line":44,"col":18},"end":{"line":44,"col":21}},"message":"Type Array[_/0] has no method len.","error_code":4015}
{"$message_type":"diagnostic","level":"error","loc":{"path":"/Users/hongguan/Desktop/wechat-copy-helper/wasm/moonbit/src/lib/core.mbt","start":{"line":44,"col":29},"end":{"line":44,"col":32}},"message":"Type Array[_/0] has no method len.","error_code":4015}
{"$message_type":"diagnostic","level":"warning","loc":{"path":"/Users/hongguan/Desktop/wechat-copy-helper/wasm/moonbit/src/lib/core.mbt","start":{"line":45,"col":7},"end":{"line":45,"col":10}},"message":"Warning: The word `var` is reserved for possible future use. Please consider using another name.","error_code":35}
{"$message_type":"diagnostic","level":"error","loc":{"path":"/Users/hongguan/Desktop/wechat-copy-helper/wasm/moonbit/src/lib/core.mbt","start":{"line":45,"col":7},"end":{"line":45,"col":10}},"message":"The value identifier var is unbound.","error_code":4021}
{"$message_type":"diagnostic","level":"error","loc":{"path":"/Users/hongguan/Desktop/wechat-copy-helper/wasm/moonbit/src/lib/core.mbt","start":{"line":45,"col":11},"end":{"line":45,"col":13}},"message":"Parse error, unexpected token id (lowercase start), you may expect `;` or `}`.","error_code":3002}
{"$message_type":"diagnostic","level":"warning","loc":{"path":"/Users/hongguan/Desktop/wechat-copy-helper/wasm/moonbit/src/lib/core.mbt","start":{"line":46,"col":7},"end":{"line":46,"col":10}},"message":"Warning: The word `var` is reserved for possible future use. Please consider using another name.","error_code":35}
{"$message_type":"diagnostic","level":"error","loc":{"path":"/Users/hongguan/Desktop/wechat-copy-helper/wasm/moonbit/src/lib/core.mbt","start":{"line":46,"col":7},"end":{"line":46,"col":10}},"message":"The value identifier var is unbound.","error_code":4021}
{"$message_type":"diagnostic","level":"error","loc":{"path":"/Users/hongguan/Desktop/wechat-copy-helper/wasm/moonbit/src/lib/core.mbt","start":{"line":46,"col":11},"end":{"line":46,"col":14}},"message":"Parse error, unexpected token id (lowercase start), you may expect `;` or `}`.","error_code":3002}
{"$message_type":"diagnostic","level":"error","loc":{"path":"/Users/hongguan/Desktop/wechat-copy-helper/wasm/moonbit/src/lib/core.mbt","start":{"line":47,"col":13},"end":{"line":47,"col":15}},"message":"The value identifier jj is unbound.","error_code":4021}
{"$message_type":"diagnostic","level":"error","loc":{"path":"/Users/hongguan/Desktop/wechat-copy-helper/wasm/moonbit/src/lib/core.mbt","start":{"line":47,"col":20},"end":{"line":47,"col":23}},"message":"Type Array[_/0] has no method len.","error_code":4015}
{"$message_type":"diagnostic","level":"error","loc":{"path":"/Users/hongguan/Desktop/wechat-copy-helper/wasm/moonbit/src/lib/core.mbt","start":{"line":48,"col":14},"end":{"line":48,"col":16}},"message":"The value identifier ii is unbound.","error_code":4021}
{"$message_type":"diagnostic","level":"error","loc":{"path":"/Users/hongguan/Desktop/wechat-copy-helper/wasm/moonbit/src/lib/core.mbt","start":{"line":48,"col":19},"end":{"line":48,"col":21}},"message":"The value identifier jj is unbound.","error_code":4021}
{"$message_type":"diagnostic","level":"error","loc":{"path":"/Users/hongguan/Desktop/wechat-copy-helper/wasm/moonbit/src/lib/core.mbt","start":{"line":48,"col":28},"end":{"line":48,"col":30}},"message":"The value identifier jj is unbound.","error_code":4021}
{"$message_type":"diagnostic","level":"error","loc":{"path":"/Users/hongguan/Desktop/wechat-copy-helper/wasm/moonbit/src/lib/core.mbt","start":{"line":48,"col":34},"end":{"line":48,"col":45}},"message":"The value identifier okk is unbound.","error_code":4021}
{"$message_type":"diagnostic","level":"error","loc":{"path":"/Users/hongguan/Desktop/wechat-copy-helper/wasm/moonbit/src/lib/core.mbt","start":{"line":49,"col":9},"end":{"line":49,"col":20}},"message":"The value identifier jj is unbound.","error_code":4021}
{"$message_type":"diagnostic","level":"error","loc":{"path":"/Users/hongguan/Desktop/wechat-copy-helper/wasm/moonbit/src/lib/core.mbt","start":{"line":49,"col":14},"end":{"line":49,"col":16}},"message":"The value identifier jj is unbound.","error_code":4021}
{"$message_type":"diagnostic","level":"error","loc":{"path":"/Users/hongguan/Desktop/wechat-copy-helper/wasm/moonbit/src/lib/core.mbt","start":{"line":51,"col":10},"end":{"line":51,"col":13}},"message":"The value identifier okk is unbound.","error_code":4021}
{"$message_type":"diagnostic","level":"error","loc":{"path":"/Users/hongguan/Desktop/wechat-copy-helper/wasm/moonbit/src/lib/core.mbt","start":{"line":52,"col":7},"end":{"line":52,"col":18}},"message":"The value identifier ii is unbound.","error_code":4021}
{"$message_type":"diagnostic","level":"error","loc":{"path":"/Users/hongguan/Desktop/wechat-copy-helper/wasm/moonbit/src/lib/core.mbt","start":{"line":52,"col":12},"end":{"line":52,"col":14}},"message":"The value identifier ii is unbound.","error_code":4021}
{"$message_type":"diagnostic","level":"warning","loc":{"path":"/Users/hongguan/Desktop/wechat-copy-helper/wasm/moonbit/src/lib/core.mbt","start":{"line":62,"col":3},"end":{"line":62,"col":6}},"message":"Warning: The word `var` is reserved for possible future use. Please consider using another name.","error_code":35}
{"$message_type":"diagnostic","level":"error","loc":{"path":"/Users/hongguan/Desktop/wechat-copy-helper/wasm/moonbit/src/lib/core.mbt","start":{"line":62,"col":3},"end":{"line":62,"col":6}},"message":"The value identifier var is unbound.","error_code":4021}
{"$message_type":"diagnostic","level":"error","loc":{"path":"/Users/hongguan/Desktop/wechat-copy-helper/wasm/moonbit/src/lib/core.mbt","start":{"line":62,"col":7},"end":{"line":62,"col":10}},"message":"Parse error, unexpected token id (lowercase start), you may expect `;` or `}`.","error_code":3002}
{"$message_type":"diagnostic","level":"error","loc":{"path":"/Users/hongguan/Desktop/wechat-copy-helper/wasm/moonbit/src/lib/core.mbt","start":{"line":64,"col":3},"end":{"line":64,"col":8}},"message":"The value identifier i is unbound.","error_code":4021}
{"$message_type":"diagnostic","level":"error","loc":{"path":"/Users/hongguan/Desktop/wechat-copy-helper/wasm/moonbit/src/lib/core.mbt","start":{"line":65,"col":9},"end":{"line":65,"col":10}},"message":"The value identifier i is unbound.","error_code":4021}
{"$message_type":"diagnostic","level":"error","loc":{"path":"/Users/hongguan/Desktop/wechat-copy-helper/wasm/moonbit/src/lib/core.mbt","start":{"line":65,"col":17},"end":{"line":65,"col":20}},"message":"Type Array[_/0] has no method len.","error_code":4015}
{"$message_type":"diagnostic","level":"error","loc":{"path":"/Users/hongguan/Desktop/wechat-copy-helper/wasm/moonbit/src/lib/core.mbt","start":{"line":65,"col":25},"end":{"line":65,"col":28}},"message":"The value identifier out is unbound.","error_code":4021}
{"$message_type":"diagnostic","level":"error","loc":{"path":"/Users/hongguan/Desktop/wechat-copy-helper/wasm/moonbit/src/lib/core.mbt","start":{"line":65,"col":38},"end":{"line":65,"col":39}},"message":"The value identifier i is unbound.","error_code":4021}
{"$message_type":"diagnostic","level":"error","loc":{"path":"/Users/hongguan/Desktop/wechat-copy-helper/wasm/moonbit/src/lib/core.mbt","start":{"line":65,"col":43},"end":{"line":65,"col":52}},"message":"The value identifier i is unbound.","error_code":4021}
{"$message_type":"diagnostic","level":"error","loc":{"path":"/Users/hongguan/Desktop/wechat-copy-helper/wasm/moonbit/src/lib/core.mbt","start":{"line":65,"col":47},"end":{"line":65,"col":48}},"message":"The value identifier i is unbound.","error_code":4021}
{"$message_type":"diagnostic","level":"warning","loc":{"path":"/Users/hongguan/Desktop/wechat-copy-helper/wasm/moonbit/src/lib/core.mbt","start":{"line":67,"col":3},"end":{"line":67,"col":6}},"message":"Warning: The word `var` is reserved for possible future use. Please consider using another name.","error_code":35}
{"$message_type":"diagnostic","level":"error","loc":{"path":"/Users/hongguan/Desktop/wechat-copy-helper/wasm/moonbit/src/lib/core.mbt","start":{"line":67,"col":3},"end":{"line":67,"col":6}},"message":"The value identifier var is unbound.","error_code":4021}
{"$message_type":"diagnostic","level":"error","loc":{"path":"/Users/hongguan/Desktop/wechat-copy-helper/wasm/moonbit/src/lib/core.mbt","start":{"line":67,"col":7},"end":{"line":67,"col":15}},"message":"Parse error, unexpected token id (lowercase start), you may expect `;` or `}`.","error_code":3002}
{"$message_type":"diagnostic","level":"error","loc":{"path":"/Users/hongguan/Desktop/wechat-copy-helper/wasm/moonbit/src/lib/core.mbt","start":{"line":69,"col":8},"end":{"line":69,"col":16}},"message":"The value identifier used_sep is unbound.","error_code":4021}
{"$message_type":"diagnostic","level":"error","loc":{"path":"/Users/hongguan/Desktop/wechat-copy-helper/wasm/moonbit/src/lib/core.mbt","start":{"line":69,"col":19},"end":{"line":69,"col":22}},"message":"The value identifier out is unbound.","error_code":4021}
{"$message_type":"diagnostic","level":"error","loc":{"path":"/Users/hongguan/Desktop/wechat-copy-helper/wasm/moonbit/src/lib/core.mbt","start":{"line":69,"col":41},"end":{"line":69,"col":44}},"message":"The value identifier out is unbound.","error_code":4021}
{"$message_type":"diagnostic","level":"error","loc":{"path":"/Users/hongguan/Desktop/wechat-copy-helper/wasm/moonbit/src/lib/core.mbt","start":{"line":69,"col":55},"end":{"line":69,"col":70}},"message":"The value identifier used_sep is unbound.","error_code":4021}
{"$message_type":"diagnostic","level":"error","loc":{"path":"/Users/hongguan/Desktop/wechat-copy-helper/wasm/moonbit/src/lib/core.mbt","start":{"line":72,"col":27},"end":{"line":72,"col":34}},"message":"Type String has no method to_utf8.","error_code":4015}
{"$message_type":"diagnostic","level":"warning","loc":{"path":"/Users/hongguan/Desktop/wechat-copy-helper/wasm/moonbit/src/lib/core.mbt","start":{"line":73,"col":5},"end":{"line":73,"col":8}},"message":"Warning: The word `var` is reserved for possible future use. Please consider using another name.","error_code":35}
{"$message_type":"diagnostic","level":"error","loc":{"path":"/Users/hongguan/Desktop/wechat-copy-helper/wasm/moonbit/src/lib/core.mbt","start":{"line":73,"col":5},"end":{"line":73,"col":8}},"message":"The value identifier var is unbound.","error_code":4021}
{"$message_type":"diagnostic","level":"error","loc":{"path":"/Users/hongguan/Desktop/wechat-copy-helper/wasm/moonbit/src/lib/core.mbt","start":{"line":73,"col":9},"end":{"line":73,"col":10}},"message":"Parse error, unexpected token id (lowercase start), you may expect `;` or `}`.","error_code":3002}
{"$message_type":"diagnostic","level":"error","loc":{"path":"/Users/hongguan/Desktop/wechat-copy-helper/wasm/moonbit/src/lib/core.mbt","start":{"line":74,"col":11},"end":{"line":74,"col":12}},"message":"The value identifier k is unbound.","error_code":4021}
{"$message_type":"diagnostic","level":"error","loc":{"path":"/Users/hongguan/Desktop/wechat-copy-helper/wasm/moonbit/src/lib/core.mbt","start":{"line":74,"col":32},"end":{"line":74,"col":35}},"message":"The value identifier out is unbound.","error_code":4021}
{"$message_type":"diagnostic","level":"error","loc":{"path":"/Users/hongguan/Desktop/wechat-copy-helper/wasm/moonbit/src/lib/core.mbt","start":{"line":74,"col":50},"end":{"line":74,"col":51}},"message":"The value identifier k is unbound.","error_code":4021}
{"$message_type":"diagnostic","level":"error","loc":{"path":"/Users/hongguan/Desktop/wechat-copy-helper/wasm/moonbit/src/lib/core.mbt","start":{"line":74,"col":55},"end":{"line":74,"col":64}},"message":"The value identifier k is unbound.","error_code":4021}
{"$message_type":"diagnostic","level":"error","loc":{"path":"/Users/hongguan/Desktop/wechat-copy-helper/wasm/moonbit/src/lib/core.mbt","start":{"line":74,"col":59},"end":{"line":74,"col":60}},"message":"The value identifier k is unbound.","error_code":4021}
{"$message_type":"diagnostic","level":"error","loc":{"path":"/Users/hongguan/Desktop/wechat-copy-helper/wasm/moonbit/src/lib/core.mbt","start":{"line":77,"col":8},"end":{"line":77,"col":16}},"message":"The value identifier used_sep is unbound.","error_code":4021}
{"$message_type":"diagnostic","level":"error","loc":{"path":"/Users/hongguan/Desktop/wechat-copy-helper/wasm/moonbit/src/lib/core.mbt","start":{"line":77,"col":19},"end":{"line":77,"col":22}},"message":"The value identifier out is unbound.","error_code":4021}
{"$message_type":"diagnostic","level":"error","loc":{"path":"/Users/hongguan/Desktop/wechat-copy-helper/wasm/moonbit/src/lib/core.mbt","start":{"line":77,"col":41},"end":{"line":77,"col":44}},"message":"The value identifier out is unbound.","error_code":4021}
{"$message_type":"diagnostic","level":"error","loc":{"path":"/Users/hongguan/Desktop/wechat-copy-helper/wasm/moonbit/src/lib/core.mbt","start":{"line":77,"col":55},"end":{"line":77,"col":70}},"message":"The value identifier used_sep is unbound.","error_code":4021}
{"$message_type":"diagnostic","level":"error","loc":{"path":"/Users/hongguan/Desktop/wechat-copy-helper/wasm/moonbit/src/lib/core.mbt","start":{"line":79,"col":27},"end":{"line":79,"col":34}},"message":"Type String has no method to_utf8.","error_code":4015}
{"$message_type":"diagnostic","level":"warning","loc":{"path":"/Users/hongguan/Desktop/wechat-copy-helper/wasm/moonbit/src/lib/core.mbt","start":{"line":80,"col":5},"end":{"line":80,"col":8}},"message":"Warning: The word `var` is reserved for possible future use. Please consider using another name.","error_code":35}
{"$message_type":"diagnostic","level":"error","loc":{"path":"/Users/hongguan/Desktop/wechat-copy-helper/wasm/moonbit/src/lib/core.mbt","start":{"line":80,"col":5},"end":{"line":80,"col":8}},"message":"The value identifier var is unbound.","error_code":4021}
{"$message_type":"diagnostic","level":"error","loc":{"path":"/Users/hongguan/Desktop/wechat-copy-helper/wasm/moonbit/src/lib/core.mbt","start":{"line":80,"col":9},"end":{"line":80,"col":11}},"message":"Parse error, unexpected token id (lowercase start), you may expect `;` or `}`.","error_code":3002}
{"$message_type":"diagnostic","level":"error","loc":{"path":"/Users/hongguan/Desktop/wechat-copy-helper/wasm/moonbit/src/lib/core.mbt","start":{"line":81,"col":11},"end":{"line":81,"col":13}},"message":"The value identifier k2 is unbound.","error_code":4021}
{"$message_type":"diagnostic","level":"error","loc":{"path":"/Users/hongguan/Desktop/wechat-copy-helper/wasm/moonbit/src/lib/core.mbt","start":{"line":81,"col":33},"end":{"line":81,"col":36}},"message":"The value identifier out is unbound.","error_code":4021}
{"$message_type":"diagnostic","level":"error","loc":{"path":"/Users/hongguan/Desktop/wechat-copy-helper/wasm/moonbit/src/lib/core.mbt","start":{"line":81,"col":51},"end":{"line":81,"col":53}},"message":"The value identifier k2 is unbound.","error_code":4021}
{"$message_type":"diagnostic","level":"error","loc":{"path":"/Users/hongguan/Desktop/wechat-copy-helper/wasm/moonbit/src/lib/core.mbt","start":{"line":81,"col":57},"end":{"line":81,"col":68}},"message":"The value identifier k2 is unbound.","error_code":4021}
{"$message_type":"diagnostic","level":"error","loc":{"path":"/Users/hongguan/Desktop/wechat-copy-helper/wasm/moonbit/src/lib/core.mbt","start":{"line":81,"col":62},"end":{"line":81,"col":64}},"message":"The value identifier k2 is unbound.","error_code":4021}
{"$message_type":"diagnostic","level":"error","loc":{"path":"/Users/hongguan/Desktop/wechat-copy-helper/wasm/moonbit/src/lib/core.mbt","start":{"line":84,"col":3},"end":{"line":84,"col":20}},"message":"Type String has no method from_utf8.","error_code":4015}
{"$message_type":"diagnostic","level":"error","loc":{"path":"/Users/hongguan/Desktop/wechat-copy-helper/wasm/moonbit/src/lib/core.mbt","start":{"line":84,"col":21},"end":{"line":84,"col":24}},"message":"The value identifier out is unbound.","error_code":4021}
{"$message_type":"diagnostic","level":"error","loc":{"path":"/Users/hongguan/Desktop/wechat-copy-helper/wasm/moonbit/src/lib/core.mbt","start":{"line":90,"col":19},"end":{"line":90,"col":26}},"message":"Type String has no method to_utf8.","error_code":4015}
{"$message_type":"diagnostic","level":"error","loc":{"path":"/Users/hongguan/Desktop/wechat-copy-helper/wasm/moonbit/src/lib/core.mbt","start":{"line":91,"col":32},"end":{"line":91,"col":39}},"message":"Type String has no method to_utf8.","error_code":4015}
{"$message_type":"diagnostic","level":"warning","loc":{"path":"/Users/hongguan/Desktop/wechat-copy-helper/wasm/moonbit/src/lib/core.mbt","start":{"line":92,"col":3},"end":{"line":92,"col":6}},"message":"Warning: The word `var` is reserved for possible future use. Please consider using another name.","error_code":35}
{"$message_type":"diagnostic","level":"error","loc":{"path":"/Users/hongguan/Desktop/wechat-copy-helper/wasm/moonbit/src/lib/core.mbt","start":{"line":92,"col":3},"end":{"line":92,"col":6}},"message":"The value identifier var is unbound.","error_code":4021}
{"$message_type":"diagnostic","level":"error","loc":{"path":"/Users/hongguan/Desktop/wechat-copy-helper/wasm/moonbit/src/lib/core.mbt","start":{"line":92,"col":7},"end":{"line":92,"col":8}},"message":"Parse error, unexpected token id (lowercase start), you may expect `;` or `}`.","error_code":3002}
{"$message_type":"diagnostic","level":"warning","loc":{"path":"/Users/hongguan/Desktop/wechat-copy-helper/wasm/moonbit/src/lib/core.mbt","start":{"line":93,"col":3},"end":{"line":93,"col":6}},"message":"Warning: The word `var` is reserved for possible future use. Please consider using another name.","error_code":35}
{"$message_type":"diagnostic","level":"error","loc":{"path":"/Users/hongguan/Desktop/wechat-copy-helper/wasm/moonbit/src/lib/core.mbt","start":{"line":93,"col":3},"end":{"line":93,"col":6}},"message":"The value identifier var is unbound.","error_code":4021}
{"$message_type":"diagnostic","level":"error","loc":{"path":"/Users/hongguan/Desktop/wechat-copy-helper/wasm/moonbit/src/lib/core.mbt","start":{"line":93,"col":7},"end":{"line":93,"col":12}},"message":"Parse error, unexpected token id (lowercase start), you may expect `;` or `}`.","error_code":3002}
{"$message_type":"diagnostic","level":"error","loc":{"path":"/Users/hongguan/Desktop/wechat-copy-helper/wasm/moonbit/src/lib/core.mbt","start":{"line":94,"col":9},"end":{"line":94,"col":10}},"message":"The value identifier i is unbound.","error_code":4021}
{"$message_type":"diagnostic","level":"error","loc":{"path":"/Users/hongguan/Desktop/wechat-copy-helper/wasm/moonbit/src/lib/core.mbt","start":{"line":94,"col":11},"end":{"line":94,"col":12}},"message":"Type Unit does not implement trait Add: no `impl` is defined","error_code":4018}
{"$message_type":"diagnostic","level":"warning","loc":{"path":"/Users/hongguan/Desktop/wechat-copy-helper/wasm/moonbit/src/lib/core.mbt","start":{"line":95,"col":5},"end":{"line":95,"col":8}},"message":"Warning: The word `var` is reserved for possible future use. Please consider using another name.","error_code":35}
{"$message_type":"diagnostic","level":"error","loc":{"path":"/Users/hongguan/Desktop/wechat-copy-helper/wasm/moonbit/src/lib/core.mbt","start":{"line":95,"col":5},"end":{"line":95,"col":8}},"message":"The value identifier var is unbound.","error_code":4021}
{"$message_type":"diagnostic","level":"error","loc":{"path":"/Users/hongguan/Desktop/wechat-copy-helper/wasm/moonbit/src/lib/core.mbt","start":{"line":95,"col":9},"end":{"line":95,"col":10}},"message":"Parse error, unexpected token id (lowercase start), you may expect `;` or `}`.","error_code":3002}
{"$message_type":"diagnostic","level":"warning","loc":{"path":"/Users/hongguan/Desktop/wechat-copy-helper/wasm/moonbit/src/lib/core.mbt","start":{"line":96,"col":5},"end":{"line":96,"col":8}},"message":"Warning: The word `var` is reserved for possible future use. Please consider using another name.","error_code":35}
{"$message_type":"diagnostic","level":"error","loc":{"path":"/Users/hongguan/Desktop/wechat-copy-helper/wasm/moonbit/src/lib/core.mbt","start":{"line":96,"col":5},"end":{"line":96,"col":8}},"message":"The value identifier var is unbound.","error_code":4021}
{"$message_type":"diagnostic","level":"error","loc":{"path":"/Users/hongguan/Desktop/wechat-copy-helper/wasm/moonbit/src/lib/core.mbt","start":{"line":96,"col":9},"end":{"line":96,"col":11}},"message":"Parse error, unexpected token id (lowercase start), you may expect `;` or `}`.","error_code":3002}
{"$message_type":"diagnostic","level":"error","loc":{"path":"/Users/hongguan/Desktop/wechat-copy-helper/wasm/moonbit/src/lib/core.mbt","start":{"line":97,"col":11},"end":{"line":97,"col":12}},"message":"The value identifier j is unbound.","error_code":4021}
{"$message_type":"diagnostic","level":"error","loc":{"path":"/Users/hongguan/Desktop/wechat-copy-helper/wasm/moonbit/src/lib/core.mbt","start":{"line":98,"col":14},"end":{"line":98,"col":15}},"message":"The value identifier i is unbound.","error_code":4021}
{"$message_type":"diagnostic","level":"error","loc":{"path":"/Users/hongguan/Desktop/wechat-copy-helper/wasm/moonbit/src/lib/core.mbt","start":{"line":98,"col":16},"end":{"line":98,"col":17}},"message":"Type Unit does not implement trait Add: no `impl` is defined","error_code":4018}
{"$message_type":"diagnostic","level":"error","loc":{"path":"/Users/hongguan/Desktop/wechat-copy-helper/wasm/moonbit/src/lib/core.mbt","start":{"line":98,"col":18},"end":{"line":98,"col":19}},"message":"The value identifier j is unbound.","error_code":4021}
{"$message_type":"diagnostic","level":"error","loc":{"path":"/Users/hongguan/Desktop/wechat-copy-helper/wasm/moonbit/src/lib/core.mbt","start":{"line":98,"col":31},"end":{"line":98,"col":32}},"message":"The value identifier j is unbound.","error_code":4021}
{"$message_type":"diagnostic","level":"error","loc":{"path":"/Users/hongguan/Desktop/wechat-copy-helper/wasm/moonbit/src/lib/core.mbt","start":{"line":98,"col":36},"end":{"line":98,"col":46}},"message":"The value identifier ok is unbound.","error_code":4021}
{"$message_type":"diagnostic","level":"error","loc":{"path":"/Users/hongguan/Desktop/wechat-copy-helper/wasm/moonbit/src/lib/core.mbt","start":{"line":99,"col":7},"end":{"line":99,"col":16}},"message":"The value identifier j is unbound.","error_code":4021}
{"$message_type":"diagnostic","level":"error","loc":{"path":"/Users/hongguan/Desktop/wechat-copy-helper/wasm/moonbit/src/lib/core.mbt","start":{"line":99,"col":11},"end":{"line":99,"col":12}},"message":"The value identifier j is unbound.","error_code":4021}
{"$message_type":"diagnostic","level":"error","loc":{"path":"/Users/hongguan/Desktop/wechat-copy-helper/wasm/moonbit/src/lib/core.mbt","start":{"line":101,"col":8},"end":{"line":101,"col":10}},"message":"The value identifier ok is unbound.","error_code":4021}
{"$message_type":"diagnostic","level":"error","loc":{"path":"/Users/hongguan/Desktop/wechat-copy-helper/wasm/moonbit/src/lib/core.mbt","start":{"line":101,"col":13},"end":{"line":101,"col":25}},"message":"The value identifier found is unbound.","error_code":4021}
{"$message_type":"diagnostic","level":"error","loc":{"path":"/Users/hongguan/Desktop/wechat-copy-helper/wasm/moonbit/src/lib/core.mbt","start":{"line":102,"col":5},"end":{"line":102,"col":14}},"message":"The value identifier i is unbound.","error_code":4021}
{"$message_type":"diagnostic","level":"error","loc":{"path":"/Users/hongguan/Desktop/wechat-copy-helper/wasm/moonbit/src/lib/core.mbt","start":{"line":102,"col":9},"end":{"line":102,"col":10}},"message":"The value identifier i is unbound.","error_code":4021}
{"$message_type":"diagnostic","level":"error","loc":{"path":"/Users/hongguan/Desktop/wechat-copy-helper/wasm/moonbit/src/lib/core.mbt","start":{"line":104,"col":6},"end":{"line":104,"col":11}},"message":"The value identifier found is unbound.","error_code":4021}
{"$message_type":"diagnostic","level":"error","loc":{"path":"/Users/hongguan/Desktop/wechat-copy-helper/wasm/moonbit/src/lib/core.mbt","start":{"line":110,"col":22},"end":{"line":110,"col":25}},"message":"Type String has no method len.","error_code":4015}
{"$message_type":"diagnostic","level":"error","loc":{"path":"/Users/hongguan/Desktop/wechat-copy-helper/wasm/moonbit/src/lib/core.mbt","start":{"line":111,"col":17},"end":{"line":111,"col":24}},"message":"Type String has no method to_utf8.","error_code":4015}
{"$message_type":"diagnostic","level":"warning","loc":{"path":"/Users/hongguan/Desktop/wechat-copy-helper/wasm/moonbit/src/lib/core.mbt","start":{"line":112,"col":3},"end":{"line":112,"col":6}},"message":"Warning: The word `var` is reserved for possible future use. Please consider using another name.","error_code":35}
{"$message_type":"diagnostic","level":"error","loc":{"path":"/Users/hongguan/Desktop/wechat-copy-helper/wasm/moonbit/src/lib/core.mbt","start":{"line":112,"col":3},"end":{"line":112,"col":6}},"message":"The value identifier var is unbound.","error_code":4021}
{"$message_type":"diagnostic","level":"error","loc":{"path":"/Users/hongguan/Desktop/wechat-copy-helper/wasm/moonbit/src/lib/core.mbt","start":{"line":112,"col":7},"end":{"line":112,"col":10}},"message":"Parse error, unexpected token id (lowercase start), you may expect `;` or `}`.","error_code":3002}
{"$message_type":"diagnostic","level":"warning","loc":{"path":"/Users/hongguan/Desktop/wechat-copy-helper/wasm/moonbit/src/lib/core.mbt","start":{"line":113,"col":3},"end":{"line":113,"col":6}},"message":"Warning: The word `var` is reserved for possible future use. Please consider using another name.","error_code":35}
{"$message_type":"diagnostic","level":"error","loc":{"path":"/Users/hongguan/Desktop/wechat-copy-helper/wasm/moonbit/src/lib/core.mbt","start":{"line":113,"col":3},"end":{"line":113,"col":6}},"message":"The value identifier var is unbound.","error_code":4021}
{"$message_type":"diagnostic","level":"error","loc":{"path":"/Users/hongguan/Desktop/wechat-copy-helper/wasm/moonbit/src/lib/core.mbt","start":{"line":113,"col":7},"end":{"line":113,"col":8}},"message":"Parse error, unexpected token id (lowercase start), you may expect `;` or `}`.","error_code":3002}
{"$message_type":"diagnostic","level":"error","loc":{"path":"/Users/hongguan/Desktop/wechat-copy-helper/wasm/moonbit/src/lib/core.mbt","start":{"line":114,"col":9},"end":{"line":114,"col":10}},"message":"The value identifier i is unbound.","error_code":4021}
{"$message_type":"diagnostic","level":"error","loc":{"path":"/Users/hongguan/Desktop/wechat-copy-helper/wasm/moonbit/src/lib/core.mbt","start":{"line":115,"col":16},"end":{"line":115,"col":17}},"message":"The value identifier i is unbound.","error_code":4021}
{"$message_type":"diagnostic","level":"error","loc":{"path":"/Users/hongguan/Desktop/wechat-copy-helper/wasm/moonbit/src/lib/core.mbt","start":{"line":118,"col":7},"end":{"line":118,"col":10}},"message":"The value identifier out is unbound.","error_code":4021}
{"$message_type":"diagnostic","level":"error","loc":{"path":"/Users/hongguan/Desktop/wechat-copy-helper/wasm/moonbit/src/lib/core.mbt","start":{"line":120,"col":7},"end":{"line":120,"col":10}},"message":"The value identifier out is unbound.","error_code":4021}
{"$message_type":"diagnostic","level":"error","loc":{"path":"/Users/hongguan/Desktop/wechat-copy-helper/wasm/moonbit/src/lib/core.mbt","start":{"line":122,"col":5},"end":{"line":122,"col":14}},"message":"The value identifier i is unbound.","error_code":4021}
{"$message_type":"diagnostic","level":"error","loc":{"path":"/Users/hongguan/Desktop/wechat-copy-helper/wasm/moonbit/src/lib/core.mbt","start":{"line":122,"col":9},"end":{"line":122,"col":10}},"message":"The value identifier i is unbound.","error_code":4021}
{"$message_type":"diagnostic","level":"warning","loc":{"path":"/Users/hongguan/Desktop/wechat-copy-helper/wasm/moonbit/src/lib/core.mbt","start":{"line":125,"col":3},"end":{"line":125,"col":6}},"message":"Warning: The word `var` is reserved for possible future use. Please consider using another name.","error_code":35}
{"$message_type":"diagnostic","level":"error","loc":{"path":"/Users/hongguan/Desktop/wechat-copy-helper/wasm/moonbit/src/lib/core.mbt","start":{"line":125,"col":3},"end":{"line":125,"col":6}},"message":"The value identifier var is unbound.","error_code":4021}
{"$message_type":"diagnostic","level":"error","loc":{"path":"/Users/hongguan/Desktop/wechat-copy-helper/wasm/moonbit/src/lib/core.mbt","start":{"line":125,"col":7},"end":{"line":125,"col":11}},"message":"Parse error, unexpected token id (lowercase start), you may expect `;` or `}`.","error_code":3002}
{"$message_type":"diagnostic","level":"warning","loc":{"path":"/Users/hongguan/Desktop/wechat-copy-helper/wasm/moonbit/src/lib/core.mbt","start":{"line":126,"col":3},"end":{"line":126,"col":6}},"message":"Warning: The word `var` is reserved for possible future use. Please consider using another name.","error_code":35}
{"$message_type":"diagnostic","level":"error","loc":{"path":"/Users/hongguan/Desktop/wechat-copy-helper/wasm/moonbit/src/lib/core.mbt","start":{"line":126,"col":3},"end":{"line":126,"col":6}},"message":"The value identifier var is unbound.","error_code":4021}
{"$message_type":"diagnostic","level":"error","loc":{"path":"/Users/hongguan/Desktop/wechat-copy-helper/wasm/moonbit/src/lib/core.mbt","start":{"line":126,"col":7},"end":{"line":126,"col":8}},"message":"Parse error, unexpected token id (lowercase start), you may expect `;` or `}`.","error_code":3002}
{"$message_type":"diagnostic","level":"error","loc":{"path":"/Users/hongguan/Desktop/wechat-copy-helper/wasm/moonbit/src/lib/core.mbt","start":{"line":127,"col":9},"end":{"line":127,"col":10}},"message":"The value identifier j is unbound.","error_code":4021}
{"$message_type":"diagnostic","level":"error","loc":{"path":"/Users/hongguan/Desktop/wechat-copy-helper/wasm/moonbit/src/lib/core.mbt","start":{"line":127,"col":13},"end":{"line":127,"col":16}},"message":"The value identifier out is unbound.","error_code":4021}
{"$message_type":"diagnostic","level":"error","loc":{"path":"/Users/hongguan/Desktop/wechat-copy-helper/wasm/moonbit/src/lib/core.mbt","start":{"line":127,"col":26},"end":{"line":127,"col":27}},"message":"The value identifier j is unbound.","error_code":4021}
{"$message_type":"diagnostic","level":"error","loc":{"path":"/Users/hongguan/Desktop/wechat-copy-helper/wasm/moonbit/src/lib/core.mbt","start":{"line":127,"col":36},"end":{"line":127,"col":40}},"message":"The value identifier out2 is unbound.","error_code":4021}
{"$message_type":"diagnostic","level":"error","loc":{"path":"/Users/hongguan/Desktop/wechat-copy-helper/wasm/moonbit/src/lib/core.mbt","start":{"line":127,"col":46},"end":{"line":127,"col":49}},"message":"The value identifier out is unbound.","error_code":4021}
{"$message_type":"diagnostic","level":"error","loc":{"path":"/Users/hongguan/Desktop/wechat-copy-helper/wasm/moonbit/src/lib/core.mbt","start":{"line":127,"col":50},"end":{"line":127,"col":51}},"message":"The value identifier j is unbound.","error_code":4021}
{"$message_type":"diagnostic","level":"error","loc":{"path":"/Users/hongguan/Desktop/wechat-copy-helper/wasm/moonbit/src/lib/core.mbt","start":{"line":127,"col":55},"end":{"line":127,"col":64}},"message":"The value identifier j is unbound.","error_code":4021}
{"$message_type":"diagnostic","level":"error","loc":{"path":"/Users/hongguan/Desktop/wechat-copy-helper/wasm/moonbit/src/lib/core.mbt","start":{"line":127,"col":59},"end":{"line":127,"col":60}},"message":"The value identifier j is unbound.","error_code":4021}
{"$message_type":"diagnostic","level":"error","loc":{"path":"/Users/hongguan/Desktop/wechat-copy-helper/wasm/moonbit/src/lib/core.mbt","start":{"line":128,"col":3},"end":{"line":128,"col":20}},"message":"Type String has no method from_utf8.","error_code":4015}
{"$message_type":"diagnostic","level":"error","loc":{"path":"/Users/hongguan/Desktop/wechat-copy-helper/wasm/moonbit/src/lib/core.mbt","start":{"line":128,"col":21},"end":{"line":128,"col":25}},"message":"The value identifier out2 is unbound.","error_code":4021}
